\BOOKMARK [1][-]{section.1}{\376\377\173\200\116\313\116\016\117\040\220\001\225\350}{}% 1
\BOOKMARK [2][-]{subsection.1.1}{\376\377\173\200\116\313}{section.1}% 2
\BOOKMARK [2][-]{subsection.1.2}{\376\377\117\040\220\001\225\350}{section.1}% 3
\BOOKMARK [2][-]{subsection.1.3}{\376\377\201\364\214\042}{section.1}% 4
\BOOKMARK [2][-]{subsection.1.4}{\376\377\130\360\146\016}{section.1}% 5
\BOOKMARK [1][-]{section.2}{\376\377\173\054\116\214\172\340\000\040\213\241\221\317\215\104\145\231\166\204\176\337\213\241\143\317\217\360}{}% 6
\BOOKMARK [2][-]{subsection.2.1}{\376\377\143\317\217\360\176\337\213\241}{section.2}% 7
\BOOKMARK [2][-]{subsection.2.2}{\376\377\155\113\213\325\145\160\143\156}{section.2}% 8
\BOOKMARK [2][-]{subsection.2.3}{\376\377\145\160\143\156\217\223\121\145\124\214\230\221\163\207\176\337\213\241}{section.2}% 9
\BOOKMARK [2][-]{subsection.2.4}{\376\377\143\317\217\360\140\047\176\337\213\241\166\204\136\246\221\317}{section.2}% 10
\BOOKMARK [2][-]{subsection.2.5}{\376\377\153\143\140\001\122\006\136\003\124\214\150\007\121\306\153\143\140\001\122\006\136\003}{section.2}% 11
\BOOKMARK [2][-]{subsection.2.6}{\376\377\153\143\140\001\122\006\136\003\150\300\232\214}{section.2}% 12
\BOOKMARK [1][-]{section.3}{\376\377\173\054\116\011\172\340\000\040\140\073\117\123\127\107\145\160\166\204\117\060\213\241\116\016\120\107\213\276\150\300\232\214}{}% 13
\BOOKMARK [2][-]{subsection.3.1}{\376\377\143\250\213\272\176\337\213\241}{section.3}% 14
\BOOKMARK [2][-]{subsection.3.2}{\376\377\000t\000\040\122\006\136\003}{section.3}% 15
\BOOKMARK [2][-]{subsection.3.3}{\376\377\000t\000\040\150\300\232\214\166\204\122\006\174\173\123\312\136\224\165\050}{section.3}% 16
\BOOKMARK [2][-]{subsection.3.4}{\376\377\123\330\221\317\217\154\143\142}{section.3}% 17
\BOOKMARK [1][-]{section.4}{\376\377\173\054\126\333\172\340\000\040\131\032\116\052\150\067\147\054\127\107\145\160\153\324\217\203\166\204\145\271\135\356\122\006\147\220}{}% 18
\BOOKMARK [2][-]{subsection.4.1}{\376\377\000F\122\006\136\003}{section.4}% 19
\BOOKMARK [2][-]{subsection.4.2}{\376\377\000F\150\300\232\214\166\204\122\006\174\173\060\001\123\237\164\006\123\312\136\224\165\050}{section.4}% 20
\BOOKMARK [2][-]{subsection.4.3}{\376\377\145\271\135\356\122\006\147\220\166\204\213\312\145\255\126\376}{section.4}% 21
\BOOKMARK [2][-]{subsection.4.4}{\376\377\131\032\116\052\150\067\147\054\127\107\145\160\225\364\166\204\131\032\221\315\153\324\217\203}{section.4}% 22
\BOOKMARK [2][-]{subsection.4.5}{\376\377\131\032\150\067\147\054\145\271\135\356\237\120\140\047\150\300\232\214}{section.4}% 23
\BOOKMARK [1][-]{section.5}{\376\377\173\054\116\224\172\340\000\040\213\241\145\160\215\104\145\231\166\204\176\337\213\241\143\317\217\360}{}% 24
\BOOKMARK [2][-]{subsection.5.1}{\376\377\136\070\165\050\166\370\133\371\145\160}{section.5}% 25
\BOOKMARK [2][-]{subsection.5.2}{\376\377\163\207\166\204\150\007\121\306\123\026}{section.5}% 26
\BOOKMARK [2][-]{subsection.5.3}{\376\377\122\250\140\001\145\160\122\027\123\312\121\166\143\007\150\007\122\006\147\220}{section.5}% 27
\BOOKMARK [1][-]{section.6}{\376\377\173\054\121\155\172\340\000\040\213\241\145\160\215\104\145\231\166\204\176\337\213\241\143\317\217\360}{}% 28
\BOOKMARK [2][-]{subsection.6.1}{\376\377\116\214\230\171\122\006\136\003}{section.6}% 29
\BOOKMARK [2][-]{subsection.6.2}{\376\377\154\312\147\176\122\006\136\003}{section.6}% 30
\BOOKMARK [2][-]{subsection.6.3}{\376\377\215\037\116\214\230\171\122\006\136\003}{section.6}% 31
\BOOKMARK [1][-]{section.7}{\376\377\173\054\116\003\172\340\000\040\000\134\000c\000h\000i\000\136\0002\150\300\232\214}{}% 32
\BOOKMARK [2][-]{subsection.7.1}{\376\377\123\141\145\271\122\006\136\003}{section.7}% 33
\BOOKMARK [2][-]{subsection.7.2}{\376\377\123\141\145\271\150\300\232\214}{section.7}% 34
\BOOKMARK [2][-]{subsection.7.3}{\376\377\210\114\122\027\215\104\145\231\210\150\166\204\123\141\145\271\150\300\232\214}{section.7}% 35
\BOOKMARK [2][-]{subsection.7.4}{\376\377\000C\000o\000c\000h\000r\000a\000n\000-\000M\000a\000n\000t\000e\000l\000-\000H\000a\000e\000n\000s\000z\000e\000l\123\141\145\271\176\337\213\241\221\317\150\300\232\214}{section.7}% 36
\BOOKMARK [2][-]{subsection.7.5}{\376\377\230\221\145\160\122\006\136\003\166\204\142\337\124\010\117\030\136\246\150\300\232\214}{section.7}% 37
\BOOKMARK [1][-]{section.8}{\376\377\173\054\121\153\172\340\000\040\171\351\217\154\143\142\166\204\227\136\123\302\145\160\150\300\232\214}{}% 38
\BOOKMARK [2][-]{subsection.8.1}{\376\377\000W\000i\000l\000c\000o\000x\000o\000n\173\046\123\367\171\351\150\300\232\214}{section.8}% 39
\BOOKMARK [2][-]{subsection.8.2}{\376\377\000W\000i\000l\000c\000o\000x\000o\000n\171\351\124\214\150\300\232\214}{section.8}% 40
\BOOKMARK [2][-]{subsection.8.3}{\376\377\133\214\121\150\226\217\123\163\213\276\213\241\131\032\116\052\150\067\147\054\153\324\217\203\166\204\000K\000r\000u\000s\000k\000a\000l\000-\000W\000a\000l\000l\000i\000s\000\040\000H\000\040\150\300\232\214}{section.8}% 41
\BOOKMARK [2][-]{subsection.8.4}{\376\377\131\032\116\052\162\354\172\313\150\067\147\054\116\044\116\044\153\324\217\203\166\204\000N\000e\000m\000e\000n\000y\000i\154\325\150\300\232\214}{section.8}% 42
\BOOKMARK [2][-]{subsection.8.5}{\376\377\226\217\147\072\123\072\176\304\213\276\213\241\131\032\116\052\166\370\121\163\150\067\147\054\166\204\000F\000r\000i\000e\000d\000m\000a\000n\000\040\000M\000\040\150\300\232\214}{section.8}% 43
\BOOKMARK [1][-]{section.9}{\376\377\123\314\123\330\221\317\126\336\137\122\116\016\166\370\121\163}{}% 44
